11:09:33 **** Incremental Build of configuration Debug for project riscv-dhrystone ****
make all 
Building file: ../riscv_hal/entry.S
Invoking: RISC-V GCC/Newlib Assembler
riscv32-unknown-elf-gcc -g3 -gdwarf-2 -x assembler-with-cpp -Wall -c -MMD -MP -MF"riscv_hal/entry.d" -MT"riscv_hal/entry.d" -march=rv32im -o "riscv_hal/entry.o" "../riscv_hal/entry.S"
Finished building: ../riscv_hal/entry.S
 
Building file: ../riscv_hal/init.c
Invoking: RISC-V GCC/Newlib C Compiler
riscv32-unknown-elf-gcc -g3 -gdwarf-2 -DUSE_PLIC -DTIME -I"C:\Microsemi\SoftConsole_v5.1\extras\workspace.examples\riscv-dhrystone" -I"C:\Microsemi\SoftConsole_v5.1\extras\workspace.examples\riscv-dhrystone\drivers\CoreGPIO" -I"C:\Microsemi\SoftConsole_v5.1\extras\workspace.examples\riscv-dhrystone\drivers\CoreTimer" -I"C:\Microsemi\SoftConsole_v5.1\extras\workspace.examples\riscv-dhrystone\drivers\CoreUARTapb" -I"C:\Microsemi\SoftConsole_v5.1\extras\workspace.examples\riscv-dhrystone\drivers_sifive" -I"C:\Microsemi\SoftConsole_v5.1\extras\workspace.examples\riscv-dhrystone\hal" -I"C:\Microsemi\SoftConsole_v5.1\extras\workspace.examples\riscv-dhrystone\riscv_hal" -O0 -ffunction-sections -fdata-sections -fno-common -Wall -fno-inline-functions -c -Wno-implicit -fno-builtin-printf -fno-toplevel-reorder -MMD -MP -MF"riscv_hal/init.d" -MT"riscv_hal/init.d" -march=rv32im -o "riscv_hal/init.o" "../riscv_hal/init.c"
../riscv_hal/init.c: In function '_init':
../riscv_hal/init.c:19:3: warning: incompatible implicit declaration of built-in function 'memset'
   memset(&_data, 0, &_data_end - &_data);
   ^~~~~~
../riscv_hal/init.c:19:3: note: include '<string.h>' or provide a declaration of 'memset'
Finished building: ../riscv_hal/init.c
 
Building file: ../riscv_hal/syscall.c
Invoking: RISC-V GCC/Newlib C Compiler
riscv32-unknown-elf-gcc -g3 -gdwarf-2 -DUSE_PLIC -DTIME -I"C:\Microsemi\SoftConsole_v5.1\extras\workspace.examples\riscv-dhrystone" -I"C:\Microsemi\SoftConsole_v5.1\extras\workspace.examples\riscv-dhrystone\drivers\CoreGPIO" -I"C:\Microsemi\SoftConsole_v5.1\extras\workspace.examples\riscv-dhrystone\drivers\CoreTimer" -I"C:\Microsemi\SoftConsole_v5.1\extras\workspace.examples\riscv-dhrystone\drivers\CoreUARTapb" -I"C:\Microsemi\SoftConsole_v5.1\extras\workspace.examples\riscv-dhrystone\drivers_sifive" -I"C:\Microsemi\SoftConsole_v5.1\extras\workspace.examples\riscv-dhrystone\hal" -I"C:\Microsemi\SoftConsole_v5.1\extras\workspace.examples\riscv-dhrystone\riscv_hal" -O0 -ffunction-sections -fdata-sections -fno-common -Wall -fno-inline-functions -c -Wno-implicit -fno-builtin-printf -fno-toplevel-reorder -MMD -MP -MF"riscv_hal/syscall.d" -MT"riscv_hal/syscall.d" -march=rv32im -o "riscv_hal/syscall.o" "../riscv_hal/syscall.c"
../riscv_hal/syscall.c: In function 'write':
../riscv_hal/syscall.c:114:17: warning: pointer targets in passing argument 2 of 'UART_send' differ in signedness [-Wpointer-sign]
                 current,
                 ^~~~~~~
In file included from ../riscv_hal/shared.h:7:0,
                 from ../riscv_hal/syscall.c:10:
C:\Microsemi\SoftConsole_v5.1\extras\workspace.examples\riscv-dhrystone\drivers\CoreUARTapb/core_uart_apb.h:214:1: note: expected 'const uint8_t * {aka const unsigned char *}' but argument is of type 'const char *'
 UART_send
 ^~~~~~~~~
../riscv_hal/syscall.c:118:19: warning: pointer targets in passing argument 2 of 'UART_send' differ in signedness [-Wpointer-sign]
                   "\r", 1);
                   ^~~~
In file included from ../riscv_hal/shared.h:7:0,
                 from ../riscv_hal/syscall.c:10:
C:\Microsemi\SoftConsole_v5.1\extras\workspace.examples\riscv-dhrystone\drivers\CoreUARTapb/core_uart_apb.h:214:1: note: expected 'const uint8_t * {aka const unsigned char *}' but argument is of type 'char *'
 UART_send
 ^~~~~~~~~
Finished building: ../riscv_hal/syscall.c
 
Building file: ../hal/hw_reg_access.c
Invoking: RISC-V GCC/Newlib C Compiler
riscv32-unknown-elf-gcc -g3 -gdwarf-2 -DUSE_PLIC -DTIME -I"C:\Microsemi\SoftConsole_v5.1\extras\workspace.examples\riscv-dhrystone" -I"C:\Microsemi\SoftConsole_v5.1\extras\workspace.examples\riscv-dhrystone\drivers\CoreGPIO" -I"C:\Microsemi\SoftConsole_v5.1\extras\workspace.examples\riscv-dhrystone\drivers\CoreTimer" -I"C:\Microsemi\SoftConsole_v5.1\extras\workspace.examples\riscv-dhrystone\drivers\CoreUARTapb" -I"C:\Microsemi\SoftConsole_v5.1\extras\workspace.examples\riscv-dhrystone\drivers_sifive" -I"C:\Microsemi\SoftConsole_v5.1\extras\workspace.examples\riscv-dhrystone\hal" -I"C:\Microsemi\SoftConsole_v5.1\extras\workspace.examples\riscv-dhrystone\riscv_hal" -O0 -ffunction-sections -fdata-sections -fno-common -Wall -fno-inline-functions -c -Wno-implicit -fno-builtin-printf -fno-toplevel-reorder -MMD -MP -MF"hal/hw_reg_access.d" -MT"hal/hw_reg_access.d" -march=rv32im -o "hal/hw_reg_access.o" "../hal/hw_reg_access.c"
Finished building: ../hal/hw_reg_access.c
 
Building file: ../drivers_sifive/plic.c
Invoking: RISC-V GCC/Newlib C Compiler
riscv32-unknown-elf-gcc -g3 -gdwarf-2 -DUSE_PLIC -DTIME -I"C:\Microsemi\SoftConsole_v5.1\extras\workspace.examples\riscv-dhrystone" -I"C:\Microsemi\SoftConsole_v5.1\extras\workspace.examples\riscv-dhrystone\drivers\CoreGPIO" -I"C:\Microsemi\SoftConsole_v5.1\extras\workspace.examples\riscv-dhrystone\drivers\CoreTimer" -I"C:\Microsemi\SoftConsole_v5.1\extras\workspace.examples\riscv-dhrystone\drivers\CoreUARTapb" -I"C:\Microsemi\SoftConsole_v5.1\extras\workspace.examples\riscv-dhrystone\drivers_sifive" -I"C:\Microsemi\SoftConsole_v5.1\extras\workspace.examples\riscv-dhrystone\hal" -I"C:\Microsemi\SoftConsole_v5.1\extras\workspace.examples\riscv-dhrystone\riscv_hal" -O0 -ffunction-sections -fdata-sections -fno-common -Wall -fno-inline-functions -c -Wno-implicit -fno-builtin-printf -fno-toplevel-reorder -MMD -MP -MF"drivers_sifive/plic.d" -MT"drivers_sifive/plic.d" -march=rv32im -o "drivers_sifive/plic.o" "../drivers_sifive/plic.c"
Finished building: ../drivers_sifive/plic.c
 
Building file: ../drivers/CoreUARTapb/core_uart_apb.c
Invoking: RISC-V GCC/Newlib C Compiler
riscv32-unknown-elf-gcc -g3 -gdwarf-2 -DUSE_PLIC -DTIME -I"C:\Microsemi\SoftConsole_v5.1\extras\workspace.examples\riscv-dhrystone" -I"C:\Microsemi\SoftConsole_v5.1\extras\workspace.examples\riscv-dhrystone\drivers\CoreGPIO" -I"C:\Microsemi\SoftConsole_v5.1\extras\workspace.examples\riscv-dhrystone\drivers\CoreTimer" -I"C:\Microsemi\SoftConsole_v5.1\extras\workspace.examples\riscv-dhrystone\drivers\CoreUARTapb" -I"C:\Microsemi\SoftConsole_v5.1\extras\workspace.examples\riscv-dhrystone\drivers_sifive" -I"C:\Microsemi\SoftConsole_v5.1\extras\workspace.examples\riscv-dhrystone\hal" -I"C:\Microsemi\SoftConsole_v5.1\extras\workspace.examples\riscv-dhrystone\riscv_hal" -O0 -ffunction-sections -fdata-sections -fno-common -Wall -fno-inline-functions -c -Wno-implicit -fno-builtin-printf -fno-toplevel-reorder -MMD -MP -MF"drivers/CoreUARTapb/core_uart_apb.d" -MT"drivers/CoreUARTapb/core_uart_apb.d" -march=rv32im -o "drivers/CoreUARTapb/core_uart_apb.o" "../drivers/CoreUARTapb/core_uart_apb.c"
../drivers/CoreUARTapb/core_uart_apb.c: In function 'UART_init':
../drivers/CoreUARTapb/core_uart_apb.c:97:30: warning: variable 'rx_byte' set but not used [-Wunused-but-set-variable]
             volatile uint8_t rx_byte;
                              ^~~~~~~
Finished building: ../drivers/CoreUARTapb/core_uart_apb.c
 
Building file: ../drivers/CoreTimer/core_timer.c
Invoking: RISC-V GCC/Newlib C Compiler
riscv32-unknown-elf-gcc -g3 -gdwarf-2 -DUSE_PLIC -DTIME -I"C:\Microsemi\SoftConsole_v5.1\extras\workspace.examples\riscv-dhrystone" -I"C:\Microsemi\SoftConsole_v5.1\extras\workspace.examples\riscv-dhrystone\drivers\CoreGPIO" -I"C:\Microsemi\SoftConsole_v5.1\extras\workspace.examples\riscv-dhrystone\drivers\CoreTimer" -I"C:\Microsemi\SoftConsole_v5.1\extras\workspace.examples\riscv-dhrystone\drivers\CoreUARTapb" -I"C:\Microsemi\SoftConsole_v5.1\extras\workspace.examples\riscv-dhrystone\drivers_sifive" -I"C:\Microsemi\SoftConsole_v5.1\extras\workspace.examples\riscv-dhrystone\hal" -I"C:\Microsemi\SoftConsole_v5.1\extras\workspace.examples\riscv-dhrystone\riscv_hal" -O0 -ffunction-sections -fdata-sections -fno-common -Wall -fno-inline-functions -c -Wno-implicit -fno-builtin-printf -fno-toplevel-reorder -MMD -MP -MF"drivers/CoreTimer/core_timer.d" -MT"drivers/CoreTimer/core_timer.d" -march=rv32im -o "drivers/CoreTimer/core_timer.o" "../drivers/CoreTimer/core_timer.c"
Finished building: ../drivers/CoreTimer/core_timer.c
 
Building file: ../drivers/CoreGPIO/core_gpio.c
Invoking: RISC-V GCC/Newlib C Compiler
riscv32-unknown-elf-gcc -g3 -gdwarf-2 -DUSE_PLIC -DTIME -I"C:\Microsemi\SoftConsole_v5.1\extras\workspace.examples\riscv-dhrystone" -I"C:\Microsemi\SoftConsole_v5.1\extras\workspace.examples\riscv-dhrystone\drivers\CoreGPIO" -I"C:\Microsemi\SoftConsole_v5.1\extras\workspace.examples\riscv-dhrystone\drivers\CoreTimer" -I"C:\Microsemi\SoftConsole_v5.1\extras\workspace.examples\riscv-dhrystone\drivers\CoreUARTapb" -I"C:\Microsemi\SoftConsole_v5.1\extras\workspace.examples\riscv-dhrystone\drivers_sifive" -I"C:\Microsemi\SoftConsole_v5.1\extras\workspace.examples\riscv-dhrystone\hal" -I"C:\Microsemi\SoftConsole_v5.1\extras\workspace.examples\riscv-dhrystone\riscv_hal" -O0 -ffunction-sections -fdata-sections -fno-common -Wall -fno-inline-functions -c -Wno-implicit -fno-builtin-printf -fno-toplevel-reorder -MMD -MP -MF"drivers/CoreGPIO/core_gpio.d" -MT"drivers/CoreGPIO/core_gpio.d" -march=rv32im -o "drivers/CoreGPIO/core_gpio.o" "../drivers/CoreGPIO/core_gpio.c"
Finished building: ../drivers/CoreGPIO/core_gpio.c
 
Building file: ../dhry_1.c
Invoking: RISC-V GCC/Newlib C Compiler
riscv32-unknown-elf-gcc -g3 -gdwarf-2 -DUSE_PLIC -DTIME -I"C:\Microsemi\SoftConsole_v5.1\extras\workspace.examples\riscv-dhrystone" -I"C:\Microsemi\SoftConsole_v5.1\extras\workspace.examples\riscv-dhrystone\drivers\CoreGPIO" -I"C:\Microsemi\SoftConsole_v5.1\extras\workspace.examples\riscv-dhrystone\drivers\CoreTimer" -I"C:\Microsemi\SoftConsole_v5.1\extras\workspace.examples\riscv-dhrystone\drivers\CoreUARTapb" -I"C:\Microsemi\SoftConsole_v5.1\extras\workspace.examples\riscv-dhrystone\drivers_sifive" -I"C:\Microsemi\SoftConsole_v5.1\extras\workspace.examples\riscv-dhrystone\hal" -I"C:\Microsemi\SoftConsole_v5.1\extras\workspace.examples\riscv-dhrystone\riscv_hal" -O0 -ffunction-sections -fdata-sections -fno-common -Wall -fno-inline-functions -c -Wno-implicit -fno-builtin-printf -fno-toplevel-reorder -MMD -MP -MF"dhry_1.d" -MT"dhry_1.d" -march=rv32im -o "dhry_1.o" "../dhry_1.c"
../dhry_1.c:31:18: warning: conflicting types for built-in function 'malloc'
 extern char     *malloc ();
                  ^~~~~~
../dhry_1.c: In function 'main':
../dhry_1.c:94:3: warning: incompatible implicit declaration of built-in function 'strcpy'
   strcpy (Ptr_Glob->variant.var_1.Str_Comp,
   ^~~~~~
../dhry_1.c:94:3: note: include '<string.h>' or provide a declaration of 'strcpy'
../dhry_1.c: In function 'Proc_1':
../dhry_1.c:311:1: warning: control reaches end of non-void function [-Wreturn-type]
 } /* Proc_1 */
 ^
../dhry_1.c: In function 'Proc_2':
../dhry_1.c:334:1: warning: control reaches end of non-void function [-Wreturn-type]
 } /* Proc_2 */
 ^
../dhry_1.c: In function 'Proc_3':
../dhry_1.c:349:1: warning: control reaches end of non-void function [-Wreturn-type]
 } /* Proc_3 */
 ^
../dhry_1.c: In function 'Proc_4':
../dhry_1.c:361:1: warning: control reaches end of non-void function [-Wreturn-type]
 } /* Proc_4 */
 ^
../dhry_1.c: In function 'Proc_5':
../dhry_1.c:370:1: warning: control reaches end of non-void function [-Wreturn-type]
 } /* Proc_5 */
 ^
Finished building: ../dhry_1.c
 
Building file: ../dhry_2.c
Invoking: RISC-V GCC/Newlib C Compiler
riscv32-unknown-elf-gcc -g3 -gdwarf-2 -DUSE_PLIC -DTIME -I"C:\Microsemi\SoftConsole_v5.1\extras\workspace.examples\riscv-dhrystone" -I"C:\Microsemi\SoftConsole_v5.1\extras\workspace.examples\riscv-dhrystone\drivers\CoreGPIO" -I"C:\Microsemi\SoftConsole_v5.1\extras\workspace.examples\riscv-dhrystone\drivers\CoreTimer" -I"C:\Microsemi\SoftConsole_v5.1\extras\workspace.examples\riscv-dhrystone\drivers\CoreUARTapb" -I"C:\Microsemi\SoftConsole_v5.1\extras\workspace.examples\riscv-dhrystone\drivers_sifive" -I"C:\Microsemi\SoftConsole_v5.1\extras\workspace.examples\riscv-dhrystone\hal" -I"C:\Microsemi\SoftConsole_v5.1\extras\workspace.examples\riscv-dhrystone\riscv_hal" -O0 -ffunction-sections -fdata-sections -fno-common -Wall -fno-inline-functions -c -Wno-implicit -fno-builtin-printf -fno-toplevel-reorder -MMD -MP -MF"dhry_2.d" -MT"dhry_2.d" -march=rv32im -o "dhry_2.o" "../dhry_2.c"
../dhry_2.c: In function 'Proc_6':
../dhry_2.c:61:1: warning: control reaches end of non-void function [-Wreturn-type]
 } /* Proc_6 */
 ^
../dhry_2.c: In function 'Proc_7':
../dhry_2.c:81:1: warning: control reaches end of non-void function [-Wreturn-type]
 } /* Proc_7 */
 ^
../dhry_2.c: In function 'Proc_8':
../dhry_2.c:106:1: warning: control reaches end of non-void function [-Wreturn-type]
 } /* Proc_8 */
 ^
Finished building: ../dhry_2.c
 
Building file: ../dhry_printf.c
Invoking: RISC-V GCC/Newlib C Compiler
riscv32-unknown-elf-gcc -g3 -gdwarf-2 -DUSE_PLIC -DTIME -I"C:\Microsemi\SoftConsole_v5.1\extras\workspace.examples\riscv-dhrystone" -I"C:\Microsemi\SoftConsole_v5.1\extras\workspace.examples\riscv-dhrystone\drivers\CoreGPIO" -I"C:\Microsemi\SoftConsole_v5.1\extras\workspace.examples\riscv-dhrystone\drivers\CoreTimer" -I"C:\Microsemi\SoftConsole_v5.1\extras\workspace.examples\riscv-dhrystone\drivers\CoreUARTapb" -I"C:\Microsemi\SoftConsole_v5.1\extras\workspace.examples\riscv-dhrystone\drivers_sifive" -I"C:\Microsemi\SoftConsole_v5.1\extras\workspace.examples\riscv-dhrystone\hal" -I"C:\Microsemi\SoftConsole_v5.1\extras\workspace.examples\riscv-dhrystone\riscv_hal" -O0 -ffunction-sections -fdata-sections -fno-common -Wall -fno-inline-functions -c -Wno-implicit -fno-builtin-printf -fno-toplevel-reorder -MMD -MP -MF"dhry_printf.d" -MT"dhry_printf.d" -march=rv32im -o "dhry_printf.o" "../dhry_printf.c"
../dhry_printf.c: In function 'vprintfmt':
../dhry_printf.c:93:38: warning: variable 'altflag' set but not used [-Wunused-but-set-variable]
   int base, lflag, width, precision, altflag;
                                      ^~~~~~~
../dhry_printf.c:91:20: warning: unused variable 'err' [-Wunused-variable]
   register int ch, err;
                    ^~~
Finished building: ../dhry_printf.c
 
Building file: ../dhry_stubs.c
Invoking: RISC-V GCC/Newlib C Compiler
riscv32-unknown-elf-gcc -g3 -gdwarf-2 -DUSE_PLIC -DTIME -I"C:\Microsemi\SoftConsole_v5.1\extras\workspace.examples\riscv-dhrystone" -I"C:\Microsemi\SoftConsole_v5.1\extras\workspace.examples\riscv-dhrystone\drivers\CoreGPIO" -I"C:\Microsemi\SoftConsole_v5.1\extras\workspace.examples\riscv-dhrystone\drivers\CoreTimer" -I"C:\Microsemi\SoftConsole_v5.1\extras\workspace.examples\riscv-dhrystone\drivers\CoreUARTapb" -I"C:\Microsemi\SoftConsole_v5.1\extras\workspace.examples\riscv-dhrystone\drivers_sifive" -I"C:\Microsemi\SoftConsole_v5.1\extras\workspace.examples\riscv-dhrystone\hal" -I"C:\Microsemi\SoftConsole_v5.1\extras\workspace.examples\riscv-dhrystone\riscv_hal" -O0 -ffunction-sections -fdata-sections -fno-common -Wall -fno-inline-functions -c -Wno-implicit -fno-builtin-printf -fno-toplevel-reorder -MMD -MP -MF"dhry_stubs.d" -MT"dhry_stubs.d" -march=rv32im -o "dhry_stubs.o" "../dhry_stubs.c"
../dhry_stubs.c:14:6: warning: conflicting types for built-in function 'scanf'
 void scanf(const char* fmt, int* n)
      ^~~~~
Finished building: ../dhry_stubs.c
 
Building target: riscv-dhrystone.elf
Invoking: RISC-V GCC/Newlib C Linker
riscv32-unknown-elf-gcc -g3 -gdwarf-2 -T"../riscv_hal/link.lds" -nostartfiles -Wl,-Map,riscv-dhrystone.map -gc-sections -march=rv32im -o "riscv-dhrystone.elf"  ./riscv_hal/entry.o ./riscv_hal/init.o ./riscv_hal/syscall.o  ./hal/hw_reg_access.o  ./drivers_sifive/plic.o  ./drivers/CoreUARTapb/core_uart_apb.o  ./drivers/CoreTimer/core_timer.o  ./drivers/CoreGPIO/core_gpio.o  ./dhry_1.o ./dhry_2.o ./dhry_printf.o ./dhry_stubs.o   
riscv_hal/entry.o: In function `.L0 ':
C:\Microsemi\SoftConsole_v5.1\extras\workspace.examples\riscv-dhrystone\Debug/../riscv_hal/entry.S:19: multiple definition of `_start'
./riscv_hal/entry.o:C:\Microsemi\SoftConsole_v5.1\extras\workspace.examples\riscv-dhrystone\Debug/../riscv_hal/entry.S:19: first defined here
riscv_hal/entry.o: In function `stack_top':
(.bss+0x400): multiple definition of `_heap_begin'
./riscv_hal/entry.o:(.bss+0x400): first defined here
riscv_hal/entry.o: In function `_heap_end':
(.bss+0x600): multiple definition of `_heap_end'
./riscv_hal/entry.o:(.bss+0x600): first defined here
dhry_stubs.o: In function `time':
C:\Microsemi\SoftConsole_v5.1\extras\workspace.examples\riscv-dhrystone\Debug/../dhry_stubs.c:6: multiple definition of `time'
./dhry_stubs.o:C:\Microsemi\SoftConsole_v5.1\extras\workspace.examples\riscv-dhrystone\Debug/../dhry_stubs.c:6: first defined here
dhry_stubs.o: In function `time':
C:\Microsemi\SoftConsole_v5.1\extras\workspace.examples\riscv-dhrystone\Debug/../dhry_stubs.c:6: multiple definition of `scanf'
./dhry_stubs.o:C:\Microsemi\SoftConsole_v5.1\extras\workspace.examples\riscv-dhrystone\Debug/../dhry_stubs.c:6: first defined here
dhry_stubs.o: In function `time':
C:\Microsemi\SoftConsole_v5.1\extras\workspace.examples\riscv-dhrystone\Debug/../dhry_stubs.c:6: multiple definition of `malloc'
./dhry_stubs.o:C:\Microsemi\SoftConsole_v5.1\extras\workspace.examples\riscv-dhrystone\Debug/../dhry_stubs.c:6: first defined here
dhry_stubs.o: In function `time':
C:\Microsemi\SoftConsole_v5.1\extras\workspace.examples\riscv-dhrystone\Debug/../dhry_stubs.c:6: multiple definition of `free'
./dhry_stubs.o:C:\Microsemi\SoftConsole_v5.1\extras\workspace.examples\riscv-dhrystone\Debug/../dhry_stubs.c:6: first defined here
riscv_hal/syscall.o:(.sbss.g_uart+0x0): multiple definition of `g_uart'
./riscv_hal/syscall.o:(.sbss.g_uart+0x0): first defined here
riscv_hal/syscall.o:(.sbss.errno+0x0): multiple definition of `errno'
./riscv_hal/syscall.o:(.sbss.errno+0x0): first defined here
riscv_hal/syscall.o:(.sbss.__env+0x0): multiple definition of `__env'
./riscv_hal/syscall.o:(.sbss.__env+0x0): first defined here
riscv_hal/syscall.o:(.sdata.environ+0x0): multiple definition of `environ'
./riscv_hal/syscall.o:(.sdata.environ+0x0): first defined here
riscv_hal/syscall.o:(.sbss.tohost+0x0): multiple definition of `tohost'
./riscv_hal/syscall.o:(.sbss.tohost+0x0): first defined here
riscv_hal/syscall.o:(.sbss.fromhost+0x0): multiple definition of `fromhost'
./riscv_hal/syscall.o:(.sbss.fromhost+0x0): first defined here
riscv_hal/syscall.o: In function `_exit':
syscall.c:(.text._exit+0x0): multiple definition of `_exit'
./riscv_hal/syscall.o:syscall.c:(.text._exit+0x0): first defined here
riscv_hal/syscall.o: In function `sbrk':
syscall.c:(.text.sbrk+0x0): multiple definition of `sbrk'
./riscv_hal/syscall.o:syscall.c:(.text.sbrk+0x0): first defined here
riscv_hal/syscall.o: In function `open':
syscall.c:(.text.open+0x0): multiple definition of `open'
./riscv_hal/syscall.o:syscall.c:(.text.open+0x0): first defined here
riscv_hal/syscall.o: In function `close':
syscall.c:(.text.close+0x0): multiple definition of `close'
./riscv_hal/syscall.o:syscall.c:(.text.close+0x0): first defined here
riscv_hal/syscall.o: In function `fstat':
syscall.c:(.text.fstat+0x0): multiple definition of `fstat'
./riscv_hal/syscall.o:syscall.c:(.text.fstat+0x0): first defined here
riscv_hal/syscall.o: In function `isatty':
syscall.c:(.text.isatty+0x0): multiple definition of `isatty'
./riscv_hal/syscall.o:syscall.c:(.text.isatty+0x0): first defined here
riscv_hal/syscall.o: In function `lseek':
syscall.c:(.text.lseek+0x0): multiple definition of `lseek'
./riscv_hal/syscall.o:syscall.c:(.text.lseek+0x0): first defined here
riscv_hal/syscall.o: In function `read':
syscall.c:(.text.read+0x0): multiple definition of `read'
./riscv_hal/syscall.o:syscall.c:(.text.read+0x0): first defined here
riscv_hal/syscall.o: In function `write':
syscall.c:(.text.write+0x0): multiple definition of `write'
./riscv_hal/syscall.o:syscall.c:(.text.write+0x0): first defined here
collect2.exe: error: ld returned 1 exit status
make: *** [riscv-dhrystone.elf] Error 1
makefile:47: recipe for target 'riscv-dhrystone.elf' failed

11:09:37 Build Finished (took 4s.361ms)

